2019-01-14T17:51:20.509Z: ∼∼∼∼∼∼∼∼∼∼∼∼∼∼∼∼∼∼∼∼∼∼∼∼∼∼
2019-01-14T17:51:20.517Z: - Проект 7loto.ru
2019-01-14T17:51:20.518Z: - Версия V 2.0
2019-01-14T17:51:20.519Z: - Программист: Anuta
2019-01-14T17:51:20.519Z: ∼∼∼∼∼∼∼∼∼∼∼∼∼∼∼∼∼∼∼∼∼∼∼∼∼∼
2019-01-15T13:00:35.100Z: ∼∼∼∼∼∼∼∼∼∼∼∼∼∼∼∼∼∼∼∼∼∼∼∼∼∼
2019-01-15T13:00:35.109Z: - Проект big-up.fun
2019-01-15T13:00:35.110Z: - Версия V 2.0
2019-01-15T13:00:35.114Z: - Программист: Anuta
2019-01-15T13:00:35.115Z: ∼∼∼∼∼∼∼∼∼∼∼∼∼∼∼∼∼∼∼∼∼∼∼∼∼∼
2019-01-15T17:24:51.314Z: ∼∼∼∼∼∼∼∼∼∼∼∼∼∼∼∼∼∼∼∼∼∼∼∼∼∼
2019-01-15T17:24:51.319Z: - Проект big-up.fun
2019-01-15T17:24:51.320Z: - Версия V 2.0
2019-01-15T17:24:51.320Z: - Программист: Anuta
2019-01-15T17:24:51.321Z: ∼∼∼∼∼∼∼∼∼∼∼∼∼∼∼∼∼∼∼∼∼∼∼∼∼∼
2019-01-15T17:59:34.021Z: ∼∼∼∼∼∼∼∼∼∼∼∼∼∼∼∼∼∼∼∼∼∼∼∼∼∼
2019-01-15T17:59:34.025Z: - Проект big-up.fun
2019-01-15T17:59:34.026Z: - Версия V 2.0
2019-01-15T17:59:34.026Z: - Программист: Anuta
2019-01-15T17:59:34.027Z: ∼∼∼∼∼∼∼∼∼∼∼∼∼∼∼∼∼∼∼∼∼∼∼∼∼∼
2019-01-16T13:08:23.047Z: ∼∼∼∼∼∼∼∼∼∼∼∼∼∼∼∼∼∼∼∼∼∼∼∼∼∼
2019-01-16T13:08:23.052Z: - Проект big-up.fun
2019-01-16T13:08:23.053Z: - Версия V 2.0
2019-01-16T13:08:23.054Z: - Программист: Anuta
2019-01-16T13:08:23.054Z: ∼∼∼∼∼∼∼∼∼∼∼∼∼∼∼∼∼∼∼∼∼∼∼∼∼∼
2019-01-17T12:36:20.344Z: ∼∼∼∼∼∼∼∼∼∼∼∼∼∼∼∼∼∼∼∼∼∼∼∼∼∼
2019-01-17T12:36:20.349Z: - Проект 7loto.ru
2019-01-17T12:36:20.349Z: - Версия V 2.0
2019-01-17T12:36:20.350Z: - Программист: Anuta
2019-01-17T12:36:20.350Z: ∼∼∼∼∼∼∼∼∼∼∼∼∼∼∼∼∼∼∼∼∼∼∼∼∼∼
2019-01-24T09:08:50.282Z: ∼∼∼∼∼∼∼∼∼∼∼∼∼∼∼∼∼∼∼∼∼∼∼∼∼∼
2019-01-24T09:08:50.292Z: - Проект egoloto.ru
2019-01-24T09:08:50.292Z: - Версия ex-scripts.com
2019-01-24T09:08:50.293Z: - Программист: Anuta
2019-01-24T09:08:50.293Z: ∼∼∼∼∼∼∼∼∼∼∼∼∼∼∼∼∼∼∼∼∼∼∼∼∼∼
2019-01-24T09:59:26.614Z: ∼∼∼∼∼∼∼∼∼∼∼∼∼∼∼∼∼∼∼∼∼∼∼∼∼∼
2019-01-24T09:59:26.618Z: - Проект: EGOLOTO.RU
2019-01-24T09:59:26.619Z: - Скрипт куплен у: Ex-scripts.com
2019-01-24T09:59:26.619Z: ∼∼∼∼∼∼∼∼∼∼∼∼∼∼∼∼∼∼∼∼∼∼∼∼∼∼
2019-01-24T10:40:03.802Z: ∼∼∼∼∼∼∼∼∼∼∼∼∼∼∼∼∼∼∼∼∼∼∼∼∼∼
2019-01-24T10:40:03.806Z: - Проект: EGOLOTO.RU
2019-01-24T10:40:03.806Z: - Скрипт куплен у: Ex-scripts.com
2019-01-24T10:40:03.807Z: ∼∼∼∼∼∼∼∼∼∼∼∼∼∼∼∼∼∼∼∼∼∼∼∼∼∼
2019-01-24T10:41:21.260Z: ∼∼∼∼∼∼∼∼∼∼∼∼∼∼∼∼∼∼∼∼∼∼∼∼∼∼
2019-01-24T10:41:21.264Z: - Проект: EGOLOTO.RU
2019-01-24T10:41:21.264Z: - Скрипт куплен у: Ex-scripts.com
2019-01-24T10:41:21.265Z: ∼∼∼∼∼∼∼∼∼∼∼∼∼∼∼∼∼∼∼∼∼∼∼∼∼∼
2019-01-24T10:42:15.857Z: ∼∼∼∼∼∼∼∼∼∼∼∼∼∼∼∼∼∼∼∼∼∼∼∼∼∼
2019-01-24T10:42:15.860Z: - Проект: EGOLOTO.RU
2019-01-24T10:42:15.861Z: - Скрипт куплен у: Ex-scripts.com
2019-01-24T10:42:15.861Z: ∼∼∼∼∼∼∼∼∼∼∼∼∼∼∼∼∼∼∼∼∼∼∼∼∼∼
2019-01-24T10:42:26.452Z: ∼∼∼∼∼∼∼∼∼∼∼∼∼∼∼∼∼∼∼∼∼∼∼∼∼∼
2019-01-24T10:42:26.456Z: - Проект: EGOLOTO.RU
2019-01-24T10:42:26.456Z: - Скрипт куплен у: Ex-scripts.com
2019-01-24T10:42:26.457Z: ∼∼∼∼∼∼∼∼∼∼∼∼∼∼∼∼∼∼∼∼∼∼∼∼∼∼
2019-01-24T10:42:54.721Z: ∼∼∼∼∼∼∼∼∼∼∼∼∼∼∼∼∼∼∼∼∼∼∼∼∼∼
2019-01-24T10:42:54.725Z: - Проект: EGOLOTO.RU
2019-01-24T10:42:54.725Z: - Скрипт куплен у: Ex-scripts.com
2019-01-24T10:42:54.726Z: ∼∼∼∼∼∼∼∼∼∼∼∼∼∼∼∼∼∼∼∼∼∼∼∼∼∼
2019-01-24T10:43:56.875Z: ∼∼∼∼∼∼∼∼∼∼∼∼∼∼∼∼∼∼∼∼∼∼∼∼∼∼
2019-01-24T10:43:56.879Z: - Проект: EGOLOTO.RU
2019-01-24T10:43:56.880Z: - Скрипт куплен у: Ex-scripts.com
2019-01-24T10:43:56.880Z: ∼∼∼∼∼∼∼∼∼∼∼∼∼∼∼∼∼∼∼∼∼∼∼∼∼∼
2019-01-24T10:44:46.076Z: ∼∼∼∼∼∼∼∼∼∼∼∼∼∼∼∼∼∼∼∼∼∼∼∼∼∼
2019-01-24T10:44:46.080Z: - Проект: EGOLOTO.RU
2019-01-24T10:44:46.080Z: - Скрипт куплен у: Ex-scripts.com
2019-01-24T10:44:46.081Z: ∼∼∼∼∼∼∼∼∼∼∼∼∼∼∼∼∼∼∼∼∼∼∼∼∼∼
2019-01-24T10:49:40.042Z: ∼∼∼∼∼∼∼∼∼∼∼∼∼∼∼∼∼∼∼∼∼∼∼∼∼∼
2019-01-24T10:49:40.046Z: - Проект: EGOLOTO.RU
2019-01-24T10:49:40.046Z: - Скрипт куплен у: Ex-scripts.com
2019-01-24T10:49:40.047Z: ∼∼∼∼∼∼∼∼∼∼∼∼∼∼∼∼∼∼∼∼∼∼∼∼∼∼
2019-01-24T10:50:22.257Z: ∼∼∼∼∼∼∼∼∼∼∼∼∼∼∼∼∼∼∼∼∼∼∼∼∼∼
2019-01-24T10:50:22.261Z: - Проект: EGOLOTO.RU
2019-01-24T10:50:22.262Z: - Скрипт куплен у: Ex-scripts.com
2019-01-24T10:50:22.262Z: ∼∼∼∼∼∼∼∼∼∼∼∼∼∼∼∼∼∼∼∼∼∼∼∼∼∼
2019-01-24T10:51:48.767Z: ∼∼∼∼∼∼∼∼∼∼∼∼∼∼∼∼∼∼∼∼∼∼∼∼∼∼
2019-01-24T10:51:48.771Z: - Проект: EGOLOTO.RU
2019-01-24T10:51:48.772Z: - Скрипт куплен у: Ex-scripts.com
2019-01-24T10:51:48.772Z: ∼∼∼∼∼∼∼∼∼∼∼∼∼∼∼∼∼∼∼∼∼∼∼∼∼∼
2019-01-24T12:42:34.956Z: ∼∼∼∼∼∼∼∼∼∼∼∼∼∼∼∼∼∼∼∼∼∼∼∼∼∼
2019-01-24T12:42:34.960Z: - Проект: EGOLOTO.RU
2019-01-24T12:42:34.960Z: - Скрипт куплен у: Ex-scripts.com
2019-01-24T12:42:34.961Z: ∼∼∼∼∼∼∼∼∼∼∼∼∼∼∼∼∼∼∼∼∼∼∼∼∼∼
2019-01-24T12:44:57.246Z: ∼∼∼∼∼∼∼∼∼∼∼∼∼∼∼∼∼∼∼∼∼∼∼∼∼∼
2019-01-24T12:44:57.249Z: - Проект: EGOLOTO.RU
2019-01-24T12:44:57.250Z: - Скрипт куплен у: Ex-scripts.com
2019-01-24T12:44:57.251Z: ∼∼∼∼∼∼∼∼∼∼∼∼∼∼∼∼∼∼∼∼∼∼∼∼∼∼
2019-01-24T12:47:21.083Z: ∼∼∼∼∼∼∼∼∼∼∼∼∼∼∼∼∼∼∼∼∼∼∼∼∼∼
2019-01-24T12:47:21.088Z: - Проект: EGOLOTO.RU
2019-01-24T12:47:21.089Z: - Скрипт куплен у: Ex-scripts.com
2019-01-24T12:47:21.089Z: ∼∼∼∼∼∼∼∼∼∼∼∼∼∼∼∼∼∼∼∼∼∼∼∼∼∼
2019-01-24T12:48:44.862Z: ∼∼∼∼∼∼∼∼∼∼∼∼∼∼∼∼∼∼∼∼∼∼∼∼∼∼
2019-01-24T12:48:44.866Z: - Проект: EGOLOTO.RU
2019-01-24T12:48:44.866Z: - Скрипт куплен у: Ex-scripts.com
2019-01-24T12:48:44.867Z: ∼∼∼∼∼∼∼∼∼∼∼∼∼∼∼∼∼∼∼∼∼∼∼∼∼∼
2019-01-24T12:50:16.718Z: ∼∼∼∼∼∼∼∼∼∼∼∼∼∼∼∼∼∼∼∼∼∼∼∼∼∼
2019-01-24T12:50:16.721Z: - Проект: EGOLOTO.RU
2019-01-24T12:50:16.722Z: - Скрипт куплен у: Ex-scripts.com
2019-01-24T12:50:16.723Z: ∼∼∼∼∼∼∼∼∼∼∼∼∼∼∼∼∼∼∼∼∼∼∼∼∼∼
2019-01-24T12:55:30.191Z: ∼∼∼∼∼∼∼∼∼∼∼∼∼∼∼∼∼∼∼∼∼∼∼∼∼∼
2019-01-24T12:55:30.195Z: - Проект: EGOLOTO.RU
2019-01-24T12:55:30.196Z: - Скрипт куплен у: Ex-scripts.com
2019-01-24T12:55:30.196Z: ∼∼∼∼∼∼∼∼∼∼∼∼∼∼∼∼∼∼∼∼∼∼∼∼∼∼
2019-01-24T12:57:31.328Z: ∼∼∼∼∼∼∼∼∼∼∼∼∼∼∼∼∼∼∼∼∼∼∼∼∼∼
2019-01-24T12:57:31.334Z: - Проект: EGOLOTO.RU
2019-01-24T12:57:31.335Z: - Скрипт куплен у: Ex-scripts.com
2019-01-24T12:57:31.336Z: ∼∼∼∼∼∼∼∼∼∼∼∼∼∼∼∼∼∼∼∼∼∼∼∼∼∼
2019-01-24T13:02:44.318Z: ∼∼∼∼∼∼∼∼∼∼∼∼∼∼∼∼∼∼∼∼∼∼∼∼∼∼
2019-01-24T13:02:44.322Z: - Проект: EGOLOTO.RU
2019-01-24T13:02:44.322Z: - Скрипт куплен у: Ex-scripts.com
2019-01-24T13:02:44.323Z: ∼∼∼∼∼∼∼∼∼∼∼∼∼∼∼∼∼∼∼∼∼∼∼∼∼∼
2019-01-24T13:09:43.018Z: ∼∼∼∼∼∼∼∼∼∼∼∼∼∼∼∼∼∼∼∼∼∼∼∼∼∼
2019-01-24T13:09:43.023Z: - Проект: EGOLOTO.RU
2019-01-24T13:09:43.024Z: - Скрипт куплен у: Ex-scripts.com
2019-01-24T13:09:43.024Z: ∼∼∼∼∼∼∼∼∼∼∼∼∼∼∼∼∼∼∼∼∼∼∼∼∼∼
2019-01-24T13:10:02.622Z: ∼∼∼∼∼∼∼∼∼∼∼∼∼∼∼∼∼∼∼∼∼∼∼∼∼∼
2019-01-24T13:10:02.626Z: - Проект: EGOLOTO.RU
2019-01-24T13:10:02.627Z: - Скрипт куплен у: Ex-scripts.com
2019-01-24T13:10:02.628Z: ∼∼∼∼∼∼∼∼∼∼∼∼∼∼∼∼∼∼∼∼∼∼∼∼∼∼
2019-01-24T13:16:15.026Z: ∼∼∼∼∼∼∼∼∼∼∼∼∼∼∼∼∼∼∼∼∼∼∼∼∼∼
2019-01-24T13:16:15.030Z: - Проект: EGOLOTO.RU
2019-01-24T13:16:15.030Z: - Скрипт куплен у: Ex-scripts.com
2019-01-24T13:16:15.031Z: ∼∼∼∼∼∼∼∼∼∼∼∼∼∼∼∼∼∼∼∼∼∼∼∼∼∼
2019-01-24T13:19:00.184Z: ∼∼∼∼∼∼∼∼∼∼∼∼∼∼∼∼∼∼∼∼∼∼∼∼∼∼
2019-01-24T13:19:00.187Z: - Проект: EGOLOTO.RU
2019-01-24T13:19:00.188Z: - Скрипт куплен у: Ex-scripts.com
2019-01-24T13:19:00.188Z: ∼∼∼∼∼∼∼∼∼∼∼∼∼∼∼∼∼∼∼∼∼∼∼∼∼∼
2019-01-24T13:19:36.997Z: ∼∼∼∼∼∼∼∼∼∼∼∼∼∼∼∼∼∼∼∼∼∼∼∼∼∼
2019-01-24T13:19:37.002Z: - Проект: EGOLOTO.RU
2019-01-24T13:19:37.003Z: - Скрипт куплен у: Ex-scripts.com
2019-01-24T13:19:37.003Z: ∼∼∼∼∼∼∼∼∼∼∼∼∼∼∼∼∼∼∼∼∼∼∼∼∼∼
2019-01-24T13:23:57.169Z: ∼∼∼∼∼∼∼∼∼∼∼∼∼∼∼∼∼∼∼∼∼∼∼∼∼∼
2019-01-24T13:23:57.173Z: - Проект: EGOLOTO.RU
2019-01-24T13:23:57.174Z: - Скрипт куплен у: Ex-scripts.com
2019-01-24T13:23:57.175Z: ∼∼∼∼∼∼∼∼∼∼∼∼∼∼∼∼∼∼∼∼∼∼∼∼∼∼
2019-01-24T13:25:39.779Z: ∼∼∼∼∼∼∼∼∼∼∼∼∼∼∼∼∼∼∼∼∼∼∼∼∼∼
2019-01-24T13:25:39.783Z: - Проект: EGOLOTO.RU
2019-01-24T13:25:39.784Z: - Скрипт куплен у: Ex-scripts.com
2019-01-24T13:25:39.784Z: ∼∼∼∼∼∼∼∼∼∼∼∼∼∼∼∼∼∼∼∼∼∼∼∼∼∼
2019-01-24T13:35:55.244Z: ∼∼∼∼∼∼∼∼∼∼∼∼∼∼∼∼∼∼∼∼∼∼∼∼∼∼
2019-01-24T13:35:55.249Z: - Проект: EGOLOTO.RU
2019-01-24T13:35:55.249Z: - Скрипт куплен у: Ex-scripts.com
2019-01-24T13:35:55.250Z: ∼∼∼∼∼∼∼∼∼∼∼∼∼∼∼∼∼∼∼∼∼∼∼∼∼∼
2019-01-24T13:46:28.512Z: ∼∼∼∼∼∼∼∼∼∼∼∼∼∼∼∼∼∼∼∼∼∼∼∼∼∼
2019-01-24T13:46:28.518Z: - Проект: EGOLOTO.RU
2019-01-24T13:46:28.519Z: - Скрипт куплен у: Ex-scripts.com
2019-01-24T13:46:28.519Z: ∼∼∼∼∼∼∼∼∼∼∼∼∼∼∼∼∼∼∼∼∼∼∼∼∼∼
2019-01-24T13:49:44.049Z: ∼∼∼∼∼∼∼∼∼∼∼∼∼∼∼∼∼∼∼∼∼∼∼∼∼∼
2019-01-24T13:49:44.053Z: - Проект: EGOLOTO.RU
2019-01-24T13:49:44.054Z: - Скрипт куплен у: Ex-scripts.com
2019-01-24T13:49:44.055Z: ∼∼∼∼∼∼∼∼∼∼∼∼∼∼∼∼∼∼∼∼∼∼∼∼∼∼
2019-01-24T13:49:58.989Z: ∼∼∼∼∼∼∼∼∼∼∼∼∼∼∼∼∼∼∼∼∼∼∼∼∼∼
2019-01-24T13:49:58.993Z: - Проект: EGOLOTO.RU
2019-01-24T13:49:58.994Z: - Скрипт куплен у: Ex-scripts.com
2019-01-24T13:49:58.994Z: ∼∼∼∼∼∼∼∼∼∼∼∼∼∼∼∼∼∼∼∼∼∼∼∼∼∼
2019-01-24T13:51:14.814Z: ∼∼∼∼∼∼∼∼∼∼∼∼∼∼∼∼∼∼∼∼∼∼∼∼∼∼
2019-01-24T13:51:14.818Z: - Проект: EGOLOTO.RU
2019-01-24T13:51:14.819Z: - Скрипт куплен у: Ex-scripts.com
2019-01-24T13:51:14.819Z: ∼∼∼∼∼∼∼∼∼∼∼∼∼∼∼∼∼∼∼∼∼∼∼∼∼∼
2019-01-24T13:58:01.485Z: ∼∼∼∼∼∼∼∼∼∼∼∼∼∼∼∼∼∼∼∼∼∼∼∼∼∼
2019-01-24T13:58:01.490Z: - Проект: EGOLOTO.RU
2019-01-24T13:58:01.490Z: - Скрипт куплен у: Ex-scripts.com
2019-01-24T13:58:01.491Z: ∼∼∼∼∼∼∼∼∼∼∼∼∼∼∼∼∼∼∼∼∼∼∼∼∼∼
2019-01-24T14:04:19.975Z: ∼∼∼∼∼∼∼∼∼∼∼∼∼∼∼∼∼∼∼∼∼∼∼∼∼∼
2019-01-24T14:04:19.978Z: - Проект: EGOLOTO.RU
2019-01-24T14:04:19.979Z: - Скрипт куплен у: Ex-scripts.com
2019-01-24T14:04:19.980Z: ∼∼∼∼∼∼∼∼∼∼∼∼∼∼∼∼∼∼∼∼∼∼∼∼∼∼
2019-01-24T14:16:51.908Z: ∼∼∼∼∼∼∼∼∼∼∼∼∼∼∼∼∼∼∼∼∼∼∼∼∼∼
2019-01-24T14:16:51.912Z: - Проект: EGOLOTO.RU
2019-01-24T14:16:51.913Z: - Скрипт куплен у: Ex-scripts.com
2019-01-24T14:16:51.913Z: ∼∼∼∼∼∼∼∼∼∼∼∼∼∼∼∼∼∼∼∼∼∼∼∼∼∼
2019-01-24T14:17:27.150Z: ∼∼∼∼∼∼∼∼∼∼∼∼∼∼∼∼∼∼∼∼∼∼∼∼∼∼
2019-01-24T14:17:27.153Z: - Проект: EGOLOTO.RU
2019-01-24T14:17:27.154Z: - Скрипт куплен у: Ex-scripts.com
2019-01-24T14:17:27.154Z: ∼∼∼∼∼∼∼∼∼∼∼∼∼∼∼∼∼∼∼∼∼∼∼∼∼∼
2019-01-24T14:24:02.122Z: ∼∼∼∼∼∼∼∼∼∼∼∼∼∼∼∼∼∼∼∼∼∼∼∼∼∼
2019-01-24T14:24:02.129Z: - Проект: EGOLOTO.RU
2019-01-24T14:24:02.130Z: - Скрипт куплен у: Ex-scripts.com
2019-01-24T14:24:02.130Z: ∼∼∼∼∼∼∼∼∼∼∼∼∼∼∼∼∼∼∼∼∼∼∼∼∼∼
2019-01-24T14:24:43.778Z: ∼∼∼∼∼∼∼∼∼∼∼∼∼∼∼∼∼∼∼∼∼∼∼∼∼∼
2019-01-24T14:24:43.783Z: - Проект: EGOLOTO.RU
2019-01-24T14:24:43.784Z: - Скрипт куплен у: Ex-scripts.com
2019-01-24T14:24:43.784Z: ∼∼∼∼∼∼∼∼∼∼∼∼∼∼∼∼∼∼∼∼∼∼∼∼∼∼
2019-01-24T14:25:58.702Z: ∼∼∼∼∼∼∼∼∼∼∼∼∼∼∼∼∼∼∼∼∼∼∼∼∼∼
2019-01-24T14:25:58.706Z: - Проект: EGOLOTO.RU
2019-01-24T14:25:58.706Z: - Скрипт куплен у: Ex-scripts.com
2019-01-24T14:25:58.707Z: ∼∼∼∼∼∼∼∼∼∼∼∼∼∼∼∼∼∼∼∼∼∼∼∼∼∼
2019-01-24T14:30:52.652Z: ∼∼∼∼∼∼∼∼∼∼∼∼∼∼∼∼∼∼∼∼∼∼∼∼∼∼
2019-01-24T14:30:52.656Z: - Проект: EGOLOTO.RU
2019-01-24T14:30:52.657Z: - Скрипт куплен у: Ex-scripts.com
2019-01-24T14:30:52.658Z: ∼∼∼∼∼∼∼∼∼∼∼∼∼∼∼∼∼∼∼∼∼∼∼∼∼∼
2019-01-24T14:35:27.340Z: ∼∼∼∼∼∼∼∼∼∼∼∼∼∼∼∼∼∼∼∼∼∼∼∼∼∼
2019-01-24T14:35:27.344Z: - Проект: EGOLOTO.RU
2019-01-24T14:35:27.345Z: - Скрипт куплен у: Ex-scripts.com
2019-01-24T14:35:27.345Z: ∼∼∼∼∼∼∼∼∼∼∼∼∼∼∼∼∼∼∼∼∼∼∼∼∼∼
2019-01-24T14:38:55.319Z: ∼∼∼∼∼∼∼∼∼∼∼∼∼∼∼∼∼∼∼∼∼∼∼∼∼∼
2019-01-24T14:38:55.323Z: - Проект: EGOLOTO.RU
2019-01-24T14:38:55.324Z: - Скрипт куплен у: Ex-scripts.com
2019-01-24T14:38:55.324Z: ∼∼∼∼∼∼∼∼∼∼∼∼∼∼∼∼∼∼∼∼∼∼∼∼∼∼
2019-01-24T14:58:04.682Z: ∼∼∼∼∼∼∼∼∼∼∼∼∼∼∼∼∼∼∼∼∼∼∼∼∼∼
2019-01-24T14:58:04.687Z: - Проект: EGOLOTO.RU
2019-01-24T14:58:04.688Z: - Скрипт куплен у: Ex-scripts.com
2019-01-24T14:58:04.689Z: ∼∼∼∼∼∼∼∼∼∼∼∼∼∼∼∼∼∼∼∼∼∼∼∼∼∼
2019-01-24T15:04:19.969Z: ∼∼∼∼∼∼∼∼∼∼∼∼∼∼∼∼∼∼∼∼∼∼∼∼∼∼
2019-01-24T15:04:19.973Z: - Проект: EGOLOTO.RU
2019-01-24T15:04:19.973Z: - Скрипт куплен у: Ex-scripts.com
2019-01-24T15:04:19.980Z: ∼∼∼∼∼∼∼∼∼∼∼∼∼∼∼∼∼∼∼∼∼∼∼∼∼∼
2019-01-24T15:06:37.099Z: ∼∼∼∼∼∼∼∼∼∼∼∼∼∼∼∼∼∼∼∼∼∼∼∼∼∼
2019-01-24T15:06:37.103Z: - Проект: EGOLOTO.RU
2019-01-24T15:06:37.104Z: - Скрипт куплен у: Ex-scripts.com
2019-01-24T15:06:37.104Z: ∼∼∼∼∼∼∼∼∼∼∼∼∼∼∼∼∼∼∼∼∼∼∼∼∼∼
2019-01-24T15:29:48.749Z: ∼∼∼∼∼∼∼∼∼∼∼∼∼∼∼∼∼∼∼∼∼∼∼∼∼∼
2019-01-24T15:29:48.755Z: - Проект: EGOLOTO.RU
2019-01-24T15:29:48.756Z: - Скрипт куплен у: Ex-scripts.com
2019-01-24T15:29:48.756Z: ∼∼∼∼∼∼∼∼∼∼∼∼∼∼∼∼∼∼∼∼∼∼∼∼∼∼
2019-01-24T15:31:10.010Z: ∼∼∼∼∼∼∼∼∼∼∼∼∼∼∼∼∼∼∼∼∼∼∼∼∼∼
2019-01-24T15:31:10.014Z: - Проект: EGOLOTO.RU
2019-01-24T15:31:10.015Z: - Скрипт куплен у: Ex-scripts.com
2019-01-24T15:31:10.015Z: ∼∼∼∼∼∼∼∼∼∼∼∼∼∼∼∼∼∼∼∼∼∼∼∼∼∼
2019-01-24T15:31:59.667Z: ∼∼∼∼∼∼∼∼∼∼∼∼∼∼∼∼∼∼∼∼∼∼∼∼∼∼
2019-01-24T15:31:59.671Z: - Проект: EGOLOTO.RU
2019-01-24T15:31:59.672Z: - Скрипт куплен у: Ex-scripts.com
2019-01-24T15:31:59.673Z: ∼∼∼∼∼∼∼∼∼∼∼∼∼∼∼∼∼∼∼∼∼∼∼∼∼∼
2019-01-24T15:49:36.168Z: ∼∼∼∼∼∼∼∼∼∼∼∼∼∼∼∼∼∼∼∼∼∼∼∼∼∼
2019-01-24T15:49:36.172Z: - Проект: EGOLOTO.RU
2019-01-24T15:49:36.172Z: - Скрипт куплен у: Ex-scripts.com
2019-01-24T15:49:36.173Z: ∼∼∼∼∼∼∼∼∼∼∼∼∼∼∼∼∼∼∼∼∼∼∼∼∼∼
2019-01-24T16:05:54.701Z: ∼∼∼∼∼∼∼∼∼∼∼∼∼∼∼∼∼∼∼∼∼∼∼∼∼∼
2019-01-24T16:05:54.705Z: - Проект: EGOLOTO.RU
2019-01-24T16:05:54.706Z: - Скрипт куплен у: Ex-scripts.com
2019-01-24T16:05:54.707Z: ∼∼∼∼∼∼∼∼∼∼∼∼∼∼∼∼∼∼∼∼∼∼∼∼∼∼
2019-01-24T16:10:04.429Z: ∼∼∼∼∼∼∼∼∼∼∼∼∼∼∼∼∼∼∼∼∼∼∼∼∼∼
2019-01-24T16:10:04.433Z: - Проект: EGOLOTO.RU
2019-01-24T16:10:04.434Z: - Скрипт куплен у: Ex-scripts.com
2019-01-24T16:10:04.434Z: ∼∼∼∼∼∼∼∼∼∼∼∼∼∼∼∼∼∼∼∼∼∼∼∼∼∼
2019-01-24T16:10:55.603Z: ∼∼∼∼∼∼∼∼∼∼∼∼∼∼∼∼∼∼∼∼∼∼∼∼∼∼
2019-01-24T16:10:55.607Z: - Проект: EGOLOTO.RU
2019-01-24T16:10:55.608Z: - Скрипт куплен у: Ex-scripts.com
2019-01-24T16:10:55.608Z: ∼∼∼∼∼∼∼∼∼∼∼∼∼∼∼∼∼∼∼∼∼∼∼∼∼∼
2019-01-24T16:22:55.270Z: ∼∼∼∼∼∼∼∼∼∼∼∼∼∼∼∼∼∼∼∼∼∼∼∼∼∼
2019-01-24T16:22:55.274Z: - Проект: EGOLOTO.RU
2019-01-24T16:22:55.275Z: - Скрипт куплен у: Ex-scripts.com
2019-01-24T16:22:55.275Z: ∼∼∼∼∼∼∼∼∼∼∼∼∼∼∼∼∼∼∼∼∼∼∼∼∼∼
